<?xml version="1.0" encoding="UTF-8"?>
<!-- Generated by org.testng.reporters.JUnitReportReporter -->
<testsuite hostname="DESKTOP-HEOSBPL" failures="0" tests="2" name="admintest.AdminDeleteUserTest" time="10.421" errors="0" timestamp="2021-10-15T22:37:02 ICT" skipped="0">
  <testcase classname="admintest.AdminDeleteUserTest" name="loginAndOpenAdminPage" time="4.205"/>
  <system-out/>
  <testcase classname="admintest.AdminDeleteUserTest" name="deleteUser" time="6.216"/>
  <system-out/>
</testsuite> <!-- admintest.AdminDeleteUserTest -->
