<?xml version="1.0" encoding="UTF-8"?>
<!-- Generated by org.testng.reporters.JUnitReportReporter -->
<testsuite hostname="Hi-PC" failures="0" tests="1" name="MainTest.Test_LogIn" time="1.895" errors="0" timestamp="2021-09-30T18:59:24 ICT" skipped="0">
  <testcase classname="MainTest.Test_LogIn" name="f" time="1.895"/>
  <system-out/>
</testsuite> <!-- MainTest.Test_LogIn -->
