<?xml version="1.0" encoding="UTF-8"?>
<!-- Generated by org.testng.reporters.JUnitReportReporter -->
<testsuite hostname="DESKTOP-HEOSBPL" failures="0" tests="2" name="test.script3.AdminDeleteUserTest" time="5.115" errors="0" timestamp="2021-10-30T11:33:27 ICT" skipped="0">
  <testcase classname="test.script3.AdminDeleteUserTest" name="loginAndOpenAdminPage" time="3.929"/>
  <system-out/>
  <testcase classname="test.script3.AdminDeleteUserTest" name="deleteUser" time="1.186"/>
  <system-out/>
</testsuite> <!-- test.script3.AdminDeleteUserTest -->
