<?xml version="1.0" encoding="UTF-8"?>
<!-- Generated by org.testng.reporters.JUnitReportReporter -->
<testsuite hostname="DESKTOP-HEOSBPL" failures="0" tests="4" name="test.script1.UserMakeOrderTest" time="27.778" errors="0" timestamp="2022-01-27T10:35:00 ICT" skipped="0">
  <testcase classname="test.script1.UserMakeOrderTest" name="loginCustomerRole" time="2.845"/>
  <system-out/>
  <testcase classname="test.script1.UserMakeOrderTest" name="searchProductByTool" time="3.625"/>
  <system-out/>
  <testcase classname="test.script1.UserMakeOrderTest" name="checkPriceBeforeMakeOrder" time="12.454"/>
  <system-out/>
  <testcase classname="test.script1.UserMakeOrderTest" name="makeOrderWithSearchProduct" time="8.854"/>
  <system-out/>
</testsuite> <!-- test.script1.UserMakeOrderTest -->
