<?xml version="1.0" encoding="UTF-8"?>
<!-- Generated by org.testng.reporters.JUnitReportReporter -->
<testsuite hostname="DESKTOP-HEOSBPL" failures="0" tests="1" name="testwithdatafile.RegisterTest" time="7.834" errors="0" timestamp="2021-10-15T22:37:02 ICT" skipped="0">
  <testcase classname="testwithdatafile.RegisterTest" name="registerWithFailData" time="7.834"/>
  <system-out/>
</testsuite> <!-- testwithdatafile.RegisterTest -->
