<?xml version="1.0" encoding="UTF-8"?>
<!-- Generated by org.testng.reporters.JUnitReportReporter -->
<testsuite hostname="DESKTOP-HEOSBPL" failures="0" tests="2" name="test.script2.AdminDeleteUserTest" time="5.250" errors="0" timestamp="2021-10-30T11:29:54 ICT" skipped="0">
  <testcase classname="test.script2.AdminDeleteUserTest" name="loginAndOpenAdminPage" time="3.817"/>
  <system-out/>
  <testcase classname="test.script2.AdminDeleteUserTest" name="deleteUser" time="1.433"/>
  <system-out/>
</testsuite> <!-- test.script2.AdminDeleteUserTest -->
