<?xml version="1.0" encoding="UTF-8"?>
<!-- Generated by org.testng.reporters.JUnitReportReporter -->
<testsuite hostname="DESKTOP-HEOSBPL" failures="0" tests="3" name="test.script2.OrderWithScript2" time="20.256" errors="0" timestamp="2021-10-30T11:29:54 ICT" skipped="0">
  <testcase classname="test.script2.OrderWithScript2" name="loginCustomerRole" time="3.281"/>
  <system-out/>
  <testcase classname="test.script2.OrderWithScript2" name="searchProductByTool" time="2.051"/>
  <system-out/>
  <testcase classname="test.script2.OrderWithScript2" name="checkUSerCannotMakeOrder" time="14.924"/>
  <system-out/>
</testsuite> <!-- test.script2.OrderWithScript2 -->
