<?xml version="1.0" encoding="UTF-8"?>
<!-- Generated by org.testng.reporters.JUnitReportReporter -->
<testsuite hostname="DESKTOP-HEOSBPL" failures="0" tests="4" name="usertest.UserMakeOrderTest" time="20.001" errors="0" timestamp="2021-10-15T22:32:37 ICT" skipped="0">
  <testcase classname="usertest.UserMakeOrderTest" name="loginCustomerRole" time="2.449"/>
  <system-out/>
  <testcase classname="usertest.UserMakeOrderTest" name="searchProductByTool" time="1.967"/>
  <system-out/>
  <testcase classname="usertest.UserMakeOrderTest" name="checkPriceBeforeMakeOrder" time="10.770"/>
  <system-out/>
  <testcase classname="usertest.UserMakeOrderTest" name="makeOrderWithSearchProduct" time="4.815"/>
  <system-out/>
</testsuite> <!-- usertest.UserMakeOrderTest -->
