<?xml version="1.0" encoding="UTF-8"?>
<!-- Generated by org.testng.reporters.JUnitReportReporter -->
<testsuite hostname="DESKTOP-HEOSBPL" failures="0" tests="1" name="test.utilities.RegisterTest" time="7.639" errors="0" timestamp="2021-10-30T11:33:27 ICT" skipped="0">
  <testcase classname="test.utilities.RegisterTest" name="registerWithFailData" time="7.639"/>
  <system-out/>
</testsuite> <!-- test.utilities.RegisterTest -->
