<?xml version="1.0" encoding="UTF-8"?>
<!-- Generated by org.testng.reporters.JUnitReportReporter -->
<testsuite hostname="DESKTOP-HEOSBPL" failures="0" tests="2" name="admintest.AdminAddProductTest" time="41.942" errors="0" timestamp="2021-10-30T11:01:12 ICT" skipped="0">
  <testcase classname="admintest.AdminAddProductTest" name="AddProduct_Passed" time="24.600"/>
  <system-out/>
  <testcase classname="admintest.AdminAddProductTest" name="CheckProduct" time="17.342"/>
  <system-out/>
</testsuite> <!-- admintest.AdminAddProductTest -->
