<?xml version="1.0" encoding="UTF-8"?>
<!-- Generated by org.testng.reporters.JUnitReportReporter -->
<testsuite hostname="DESKTOP-HEOSBPL" failures="0" tests="4" name="admintest.AdminEditPriceTest" time="11.421" errors="0" timestamp="2021-10-15T22:32:37 ICT" skipped="0">
  <testcase classname="admintest.AdminEditPriceTest" name="loginWithAdminRole" time="3.979"/>
  <system-out/>
  <testcase classname="admintest.AdminEditPriceTest" name="editPrice" time="1.382"/>
  <system-out/>
  <testcase classname="admintest.AdminEditPriceTest" name="checkPriceAfterEdit" time="1.926"/>
  <system-out/>
  <testcase classname="admintest.AdminEditPriceTest" name="checkPriceOfOrder" time="4.134"/>
  <system-out/>
</testsuite> <!-- admintest.AdminEditPriceTest -->
