<?xml version="1.0" encoding="UTF-8"?>
<!-- Generated by org.testng.reporters.JUnitReportReporter -->
<testsuite hostname="Hi-PC" failures="0" tests="1" name="MainTest.LoginTest" time="0.540" errors="0" timestamp="2021-09-30T17:03:23 ICT" skipped="0">
  <testcase classname="MainTest.LoginTest" name="f" time="0.540"/>
  <system-out/>
</testsuite> <!-- MainTest.LoginTest -->
