<?xml version="1.0" encoding="UTF-8"?>
<!-- Generated by org.testng.reporters.JUnitReportReporter -->
<testsuite hostname="DESKTOP-HEOSBPL" failures="0" tests="1" name="admintest.AdminAddProductWithErrorDataTest" time="41.880" errors="0" timestamp="2021-10-30T15:07:42 ICT" skipped="0">
  <testcase classname="admintest.AdminAddProductWithErrorDataTest" name="AddProduct_Failed" time="41.880"/>
  <system-out/>
</testsuite> <!-- admintest.AdminAddProductWithErrorDataTest -->
