<?xml version="1.0" encoding="UTF-8"?>
<!-- Generated by org.testng.reporters.JUnitReportReporter -->
<testsuite hostname="Hi-PC" failures="0" tests="3" name="TestNG_P.Pratice_AUG31" time="0.659" errors="0" timestamp="2021-08-31T10:58:06 ICT" skipped="0">
  <testcase classname="TestNG_P.Pratice_AUG31" name="a" time="0.530"/>
  <system-out/>
  <testcase classname="TestNG_P.Pratice_AUG31" name="b" time="0.068"/>
  <system-out/>
  <testcase classname="TestNG_P.Pratice_AUG31" name="c" time="0.061"/>
  <system-out/>
</testsuite> <!-- TestNG_P.Pratice_AUG31 -->
