<?xml version="1.0" encoding="UTF-8"?>
<!-- Generated by org.testng.reporters.JUnitReportReporter -->
<testsuite hostname="Hi-PC" failures="0" tests="2" name="TestNG_P.Gwesty" time="9.711" errors="0" timestamp="2021-08-28T21:06:02 ICT" skipped="0">
  <testcase classname="TestNG_P.Gwesty" name="searchRoom" time="1.563"/>
  <system-out/>
  <testcase classname="TestNG_P.Gwesty" name="bookRoom" time="8.148"/>
  <system-out/>
</testsuite> <!-- TestNG_P.Gwesty -->
