<?xml version="1.0" encoding="UTF-8"?>
<!-- Generated by org.testng.reporters.JUnitReportReporter -->
<testsuite hostname="Hi-PC" failures="0" tests="2" name="TestNG_P.qqqqqqqqqq" time="0.014" errors="0" timestamp="2021-09-08T12:07:59 ICT" skipped="0">
  <testcase classname="TestNG_P.qqqqqqqqqq" name="test1" time="0.011"/>
  <system-out/>
  <testcase classname="TestNG_P.qqqqqqqqqq" name="test2" time="0.003"/>
  <system-out/>
</testsuite> <!-- TestNG_P.qqqqqqqqqq -->
