<?xml version="1.0" encoding="UTF-8"?>
<!-- Generated by org.testng.reporters.JUnitReportReporter -->
<testsuite hostname="Hi-PC" failures="0" tests="4" name="TestNG_P.Ktra1Tiet_redo" time="8.667" errors="0" timestamp="2021-09-10T15:11:00 ICT" skipped="0">
  <testcase classname="TestNG_P.Ktra1Tiet_redo" name="logIn" time="0.990"/>
  <system-out/>
  <testcase classname="TestNG_P.Ktra1Tiet_redo" name="searchHotel" time="1.073"/>
  <system-out/>
  <testcase classname="TestNG_P.Ktra1Tiet_redo" name="selectHotel" time="0.646"/>
  <system-out/>
  <testcase classname="TestNG_P.Ktra1Tiet_redo" name="bookHotel" time="5.958"/>
  <system-out/>
</testsuite> <!-- TestNG_P.Ktra1Tiet_redo -->
