<?xml version="1.0" encoding="UTF-8"?>
<!-- Generated by org.testng.reporters.JUnitReportReporter -->
<testsuite hostname="Hi-PC" failures="0" tests="2" name="TestNG_P.Booking2" time="1.345" errors="0" timestamp="2021-09-01T12:29:45 ICT" skipped="0">
  <testcase classname="TestNG_P.Booking2" name="searchRoom" time="0.984"/>
  <system-out/>
  <testcase classname="TestNG_P.Booking2" name="aa" time="0.361"/>
  <system-out/>
</testsuite> <!-- TestNG_P.Booking2 -->
