<?xml version="1.0" encoding="UTF-8"?>
<!-- Generated by org.testng.reporters.JUnitReportReporter -->
<testsuite hostname="Hi-PC" failures="0" tests="1" name="TestNG_P.MOBILEVN" time="1.132" errors="0" timestamp="2021-09-09T15:22:14 ICT" skipped="0">
  <testcase classname="TestNG_P.MOBILEVN" name="alo" time="1.132"/>
  <system-out/>
</testsuite> <!-- TestNG_P.MOBILEVN -->
