<?xml version="1.0" encoding="UTF-8"?>
<!-- Generated by org.testng.reporters.JUnitReportReporter -->
<testsuite hostname="Hi-PC" failures="0" tests="2" name="TestNG_P.Hotel_Project" time="7.958" errors="0" timestamp="2021-08-31T19:39:13 ICT" skipped="0">
  <testcase classname="TestNG_P.Hotel_Project" name="TC_02_BookRoom" time="6.741"/>
  <system-out/>
  <testcase classname="TestNG_P.Hotel_Project" name="TC_01_SearchRoom" time="1.217"/>
  <system-out/>
</testsuite> <!-- TestNG_P.Hotel_Project -->
