<?xml version="1.0" encoding="UTF-8"?>
<!-- Generated by org.testng.reporters.JUnitReportReporter -->
<testsuite hostname="Hi-PC" failures="0" tests="1" name="TestNG_P.Ebank" time="2.739" errors="0" timestamp="2021-08-28T18:42:09 ICT" skipped="0">
  <testcase classname="TestNG_P.Ebank" name="logIn" time="2.739"/>
  <system-out/>
</testsuite> <!-- TestNG_P.Ebank -->
