<?xml version="1.0" encoding="UTF-8"?>
<!-- Generated by org.testng.reporters.JUnitReportReporter -->
<testsuite hostname="Hi-PC" failures="0" tests="2" name="TestNG_P.Ex1" time="0.008" errors="0" timestamp="2021-08-28T18:44:16 ICT" skipped="0">
  <testcase classname="TestNG_P.Ex1" name="Test2" time="0.007"/>
  <system-out/>
  <testcase classname="TestNG_P.Ex1" name="Testa" time="0.001"/>
  <system-out/>
</testsuite> <!-- TestNG_P.Ex1 -->
