<?xml version="1.0" encoding="UTF-8"?>
<!-- Generated by org.testng.reporters.JUnitReportReporter -->
<testsuite hostname="Hi-PC" failures="0" tests="2" name="TestNG_P.HOTEL" time="7.715" errors="0" timestamp="2021-09-30T16:08:35 ICT" skipped="0">
  <testcase classname="TestNG_P.HOTEL" name="searchRoom" time="1.268"/>
  <system-out/>
  <testcase classname="TestNG_P.HOTEL" name="bookRoom" time="6.447"/>
  <system-out/>
</testsuite> <!-- TestNG_P.HOTEL -->
