<?xml version="1.0" encoding="UTF-8"?>
<!-- Generated by org.testng.reporters.JUnitReportReporter -->
<testsuite hostname="DESKTOP-HEOSBPL" failures="0" tests="2" name="firstpackage.SecondClass" time="0.005" errors="0" timestamp="2021-10-11T16:40:41 ICT" skipped="0">
  <testcase classname="firstpackage.SecondClass" name="firstTest" time="0.002"/>
  <system-out/>
  <testcase classname="firstpackage.SecondClass" name="secondTest" time="0.003"/>
  <system-out/>
</testsuite> <!-- firstpackage.SecondClass -->
