<?xml version="1.0" encoding="UTF-8"?>
<!-- Generated by org.testng.reporters.JUnitReportReporter -->
<testsuite hostname="DESKTOP-HEOSBPL" failures="0" tests="2" name="secondpackage.SecondClass" time="0.002" errors="0" timestamp="2021-10-11T16:07:13 ICT" skipped="0">
  <testcase classname="secondpackage.SecondClass" name="secondTest" time="0.001"/>
  <system-out/>
  <testcase classname="secondpackage.SecondClass" name="firstTest" time="0.001"/>
  <system-out/>
</testsuite> <!-- secondpackage.SecondClass -->
