<?xml version="1.0" encoding="UTF-8"?>
<!-- Generated by org.testng.reporters.JUnitReportReporter -->
<testsuite hostname="DESKTOP-HEOSBPL" failures="0" tests="2" name="secondpackage.FirstClass" time="0.007" errors="0" timestamp="2021-10-11T16:40:41 ICT" skipped="0">
  <testcase classname="secondpackage.FirstClass" name="secondTest" time="0.001"/>
  <system-out/>
  <testcase classname="secondpackage.FirstClass" name="firstTest" time="0.006"/>
  <system-out/>
</testsuite> <!-- secondpackage.FirstClass -->
