<?xml version="1.0" encoding="UTF-8"?>
<!-- Generated by org.testng.reporters.JUnitReportReporter -->
<testsuite hostname="DESKTOP-HEOSBPL" failures="0" tests="4" name="demo.thunghiem" time="0.010" errors="0" timestamp="2021-10-11T16:58:10 ICT" skipped="0">
  <testcase classname="demo.thunghiem" name="b" time="0.001"/>
  <system-out/>
  <testcase classname="demo.thunghiem" name="c" time="0.007"/>
  <system-out/>
  <testcase classname="demo.thunghiem" name="d" time="0.001"/>
  <system-out/>
  <testcase classname="demo.thunghiem" name="a" time="0.001"/>
  <system-out/>
</testsuite> <!-- demo.thunghiem -->
