<?xml version="1.0" encoding="UTF-8"?>
<!-- Generated by org.testng.reporters.JUnitReportReporter -->
<testsuite hostname="DESKTOP-HEOSBPL" failures="0" tests="1" name="thirdpackage.FirstClass" time="0.001" errors="0" timestamp="2021-10-11T16:40:41 ICT" skipped="0">
  <testcase classname="thirdpackage.FirstClass" name="firstTest" time="0.001"/>
  <system-out/>
</testsuite> <!-- thirdpackage.FirstClass -->
