<?xml version="1.0" encoding="UTF-8"?>
<!-- Generated by org.testng.reporters.JUnitReportReporter -->
<testsuite hostname="DESKTOP-HEOSBPL" failures="0" tests="2" name="demo.FirstClass" time="0.002" errors="0" timestamp="2021-10-11T16:58:10 ICT" skipped="0">
  <testcase classname="demo.FirstClass" name="asecondTest" time="0.001"/>
  <system-out/>
  <testcase classname="demo.FirstClass" name="firstTest" time="0.001"/>
  <system-out/>
</testsuite> <!-- demo.FirstClass -->
