<?xml version="1.0" encoding="UTF-8"?>
<!-- Generated by org.testng.reporters.JUnitReportReporter -->
<testsuite hostname="Hi-PC" failures="0" tests="1" name="practiceTestCases.DataProviderWithExcel_002" time="0.000" errors="0" timestamp="2021-10-03T00:38:55 ICT" skipped="1">
  <testcase classname="practiceTestCases.DataProviderWithExcel_002" name="f" time="0.000">
    <skipped/>
  </testcase> <!-- f -->
  <system-out/>
</testsuite> <!-- practiceTestCases.DataProviderWithExcel_002 -->
