<?xml version="1.0" encoding="UTF-8"?>
<!-- Generated by org.testng.reporters.JUnitReportReporter -->
<testsuite hostname="Hi-PC" failures="0" tests="2" name="automationFramework.DataProviderTest" time="7.849" errors="0" timestamp="2021-10-03T00:39:46 ICT" skipped="0">
  <testcase classname="automationFramework.DataProviderTest" name="f" time="3.704"/>
  <system-out/>
  <testcase classname="automationFramework.DataProviderTest" name="f" time="4.145"/>
  <system-out/>
</testsuite> <!-- automationFramework.DataProviderTest -->
