<?xml version="1.0" encoding="UTF-8"?>
<!-- Generated by org.testng.reporters.JUnitReportReporter -->
<testsuite hostname="Hi-PC" failures="0" tests="1" name="MainTest.NewTest" time="3.409" errors="0" timestamp="2021-10-02T23:53:48 ICT" skipped="0">
  <testcase classname="MainTest.NewTest" name="f" time="3.409"/>
  <system-out/>
</testsuite> <!-- MainTest.NewTest -->
